<?xml version="1.0" encoding="UTF-8"?>
<!-- Generated by org.testng.reporters.JUnitXMLReporter -->
<testsuite hostname="Nagendras-MacBook-Pro.local" ignored="0" name="Default test" tests="3" failures="0" timestamp="30 Jul 2020 19:46:14 GMT" time="13.372" errors="0">
  <testcase name="verifyHomePageHeaderTest" time="3.615" classname="com.qa.hubspot.tests.HomePageTest"/>
  <testcase name="verifyLoggedInUser" time="0.038" classname="com.qa.hubspot.tests.HomePageTest"/>
  <testcase name="verifyHomePageTitleTest" time="0.003" classname="com.qa.hubspot.tests.HomePageTest"/>
</testsuite> <!-- Default test -->
