<?xml version="1.0" encoding="UTF-8"?>
<!-- Generated by org.testng.reporters.JUnitXMLReporter -->
<testsuite hostname="Nagendras-MacBook-Pro.local" ignored="0" name="login Page test" tests="3" failures="0" timestamp="01 Aug 2020 21:34:23 GMT" time="11.337" errors="0">
  <testcase name="verifysignuplink" time="4.42" classname="com.qa.hubspot.tests.LoginPageTest"/>
  <testcase name="VerifyLoginPageTitleTest" time="0.009" classname="com.qa.hubspot.tests.LoginPageTest"/>
  <testcase name="loginTest" time="0.627" classname="com.qa.hubspot.tests.LoginPageTest"/>
</testsuite> <!-- login Page test -->
